<?xml version="1.0" encoding="UTF-8"?>
<!-- Generated by org.testng.reporters.JUnitReportReporter -->
<testsuite skipped="0" hostname="DESKTOP-27L8JE7" name="com.project.suitea.TestA" tests="1" failures="0" timestamp="19 Feb 2020 13:53:39 GMT" time="0.011" errors="0">
  <testcase name="f" time="0.011" classname="com.project.suitea.TestA"/>
</testsuite> <!-- com.project.suitea.TestA -->
