<?xml version="1.0" encoding="UTF-8"?>
<!-- Generated by org.testng.reporters.JUnitReportReporter -->
<testsuite skipped="0" hostname="DESKTOP-27L8JE7" name="com.project.suitex.TestA" tests="2" failures="0" timestamp="26 Feb 2020 13:31:40 GMT" time="0.014" errors="0">
  <testcase name="f" time="0.005" classname="com.project.suitex.TestA"/>
  <testcase name="f" time="0.009" classname="com.project.suitex.TestA"/>
</testsuite> <!-- com.project.suitex.TestA -->
