<?xml version="1.0" encoding="UTF-8"?>
<!-- Generated by org.testng.reporters.JUnitReportReporter -->
<testsuite skipped="1" hostname="DESKTOP-27L8JE7" name="com.project.suitex.LoginTest" tests="2" failures="0" timestamp="03 Mar 2020 13:58:22 GMT" time="22.422" errors="0">
  <testcase name="f" time="1.193" classname="com.project.suitex.LoginTest">
    <skipped/>
  </testcase> <!-- f -->
  <testcase name="f" time="21.229" classname="com.project.suitex.LoginTest"/>
</testsuite> <!-- com.project.suitex.LoginTest -->
