<?xml version="1.0" encoding="UTF-8"?>
<!-- Generated by org.testng.reporters.JUnitReportReporter -->
<testsuite skipped="0" hostname="DESKTOP-27L8JE7" name="com.project.suitex.LoginTest" tests="2" failures="0" timestamp="26 Feb 2020 13:59:25 GMT" time="0.023" errors="0">
  <testcase name="f" time="0.008" classname="com.project.suitex.LoginTest"/>
  <testcase name="f" time="0.015" classname="com.project.suitex.LoginTest"/>
</testsuite> <!-- com.project.suitex.LoginTest -->
