<?xml version="1.0" encoding="UTF-8"?>
<!-- Generated by org.testng.reporters.JUnitReportReporter -->
<testsuite skipped="1" hostname="DESKTOP-27L8JE7" name="com.project.suitex.LoginTest" tests="2" failures="0" timestamp="02 Mar 2020 13:57:08 GMT" time="0.040" errors="0">
  <testcase name="f" time="0.036" classname="com.project.suitex.LoginTest"/>
  <testcase name="f" time="0.004" classname="com.project.suitex.LoginTest">
    <skipped/>
  </testcase> <!-- f -->
</testsuite> <!-- com.project.suitex.LoginTest -->
