<?xml version="1.0" encoding="UTF-8"?>
<!-- Generated by org.testng.reporters.JUnitReportReporter -->
<testsuite skipped="0" hostname="DESKTOP-27L8JE7" name="com.project.suitex.TestA" tests="2" failures="0" timestamp="28 Feb 2020 13:16:59 GMT" time="0.015" errors="0">
  <testcase name="f" time="0.012" classname="com.project.suitex.TestA"/>
  <testcase name="f" time="0.003" classname="com.project.suitex.TestA"/>
</testsuite> <!-- com.project.suitex.TestA -->
