<?xml version="1.0" encoding="UTF-8"?>
<!-- Generated by org.testng.reporters.JUnitReportReporter -->
<testsuite skipped="0" hostname="DESKTOP-27L8JE7" name="com.project.suitea.LoginTest" tests="2" failures="0" timestamp="26 Feb 2020 13:20:49 GMT" time="0.032" errors="0">
  <testcase name="f" time="0.017" classname="com.project.suitea.LoginTest"/>
  <testcase name="f" time="0.015" classname="com.project.suitea.LoginTest"/>
</testsuite> <!-- com.project.suitea.LoginTest -->
