<?xml version="1.0" encoding="UTF-8"?>
<!-- Generated by org.testng.reporters.JUnitReportReporter -->
<testsuite skipped="1" hostname="DESKTOP-27L8JE7" name="com.project.suitex.LoginTest" tests="2" failures="0" timestamp="04 Mar 2020 14:02:10 GMT" time="23.240" errors="0">
  <testcase name="f" time="0.005" classname="com.project.suitex.LoginTest">
    <skipped/>
  </testcase> <!-- f -->
  <testcase name="f" time="23.235" classname="com.project.suitex.LoginTest"/>
</testsuite> <!-- com.project.suitex.LoginTest -->
