<?xml version="1.0" encoding="UTF-8"?>
<!-- Generated by org.testng.reporters.JUnitReportReporter -->
<testsuite skipped="1" hostname="DESKTOP-27L8JE7" name="com.project.suitex.LoginTest" tests="2" failures="0" timestamp="28 Feb 2020 14:04:25 GMT" time="0.047" errors="0">
  <testcase name="f" time="0.042" classname="com.project.suitex.LoginTest"/>
  <testcase name="f" time="0.005" classname="com.project.suitex.LoginTest">
    <skipped/>
  </testcase> <!-- f -->
</testsuite> <!-- com.project.suitex.LoginTest -->
