<?xml version="1.0" encoding="UTF-8"?>
<!-- Generated by org.testng.reporters.JUnitReportReporter -->
<testsuite skipped="0" hostname="DESKTOP-27L8JE7" name="com.project.suitea.LoginTest" tests="1" failures="0" timestamp="19 Feb 2020 14:06:13 GMT" time="0.031" errors="0">
  <testcase name="f" time="0.031" classname="com.project.suitea.LoginTest"/>
</testsuite> <!-- com.project.suitea.LoginTest -->
